#
# There is insufficient memory for the Java Runtime Environment to continue.
# Native memory allocation (malloc) failed to allocate 1048576 bytes for AllocateHeap
# Possible reasons:
#   The system is out of physical RAM or swap space
#   In 32 bit mode, the process size limit was hit
# Possible solutions:
#   Reduce memory load on the system
#   Increase physical memory or swap space
#   Check if swap backing store is full
#   Use 64 bit Java on a 64 bit OS
#   Decrease Java heap size (-Xmx/-Xms)
#   Decrease number of Java threads
#   Decrease Java thread stack sizes (-Xss)
#   Set larger code cache with -XX:ReservedCodeCacheSize=
# This output file may be truncated or incomplete.
#
#  Out of Memory Error (memory/allocation.inline.hpp:61), pid=8840, tid=0x000000000000172c
#
# JRE version:  (8.0_152-b16) (build )
# Java VM: OpenJDK 64-Bit Server VM (25.152-b16 mixed mode windows-amd64 compressed oops)
# Failed to write core dump. Minidumps are not enabled by default on client versions of Windows
#

---------------  T H R E A D  ---------------

Current thread (0x0000000002792800):  JavaThread "Unknown thread" [_thread_in_vm, id=5932, stack(0x0000000002660000,0x0000000002760000)]

Stack: [0x0000000002660000,0x0000000002760000]
[error occurred during error reporting (printing stack bounds), id 0xc0000005]

Native frames: (J=compiled Java code, j=interpreted, Vv=VM code, C=native code)


---------------  P R O C E S S  ---------------

Java Threads: ( => current thread )

Other Threads:

=>0x0000000002792800 (exited) JavaThread "Unknown thread" [_thread_in_vm, id=5932, stack(0x0000000002660000,0x0000000002760000)]

VM state:not at safepoint (normal execution)

VM Mutex/Monitor currently owned by a thread: None

Heap:
 PSYoungGen      total 37888K, used 655K [0x00000000d6000000, 0x00000000d8a00000, 0x0000000100000000)
  eden space 32768K, 2% used [0x00000000d6000000,0x00000000d60a3d80,0x00000000d8000000)
  from space 5120K, 0% used [0x00000000d8500000,0x00000000d8500000,0x00000000d8a00000)
  to   space 5120K, 0% used [0x00000000d8000000,0x00000000d8000000,0x00000000d8500000)
 ParOldGen       total 86016K, used 0K [0x0000000082000000, 0x0000000087400000, 0x00000000d6000000)
  object space 86016K, 0% used [0x0000000082000000,0x0000000082000000,0x0000000087400000)
 Metaspace       used 772K, capacity 4480K, committed 4480K, reserved 1056768K
  class space    used 73K, capacity 384K, committed 384K, reserved 1048576K

Card table byte_map: [0x0000000011c50000,0x0000000012050000] byte_map_base: 0x0000000011840000

Marking Bits: (ParMarkBitMap*) 0x0000000068995aa0
 Begin Bits: [0x00000000126f0000, 0x0000000014670000)
 End Bits:   [0x0000000014670000, 0x00000000165f0000)

Polling page: 0x0000000000e40000

CodeCache: size=245760Kb used=328Kb max_used=328Kb free=245431Kb
 bounds [0x0000000002890000, 0x0000000002b00000, 0x0000000011890000]
 total_blobs=57 nmethods=0 adapters=38
 compilation: enabled

Compilation events (0 events):
No events

GC Heap History (0 events):
No events

Deoptimization events (0 events):
No events

Classes redefined (0 events):
No events

Internal exceptions (0 events):
No events

Events (10 events):
Event: 0.019 loading class java/lang/Short
Event: 0.019 loading class java/lang/Short done
Event: 0.019 loading class java/lang/Integer
Event: 0.019 loading class java/lang/Integer done
Event: 0.019 loading class java/lang/Long
Event: 0.019 loading class java/lang/Long done
Event: 0.020 loading class java/lang/NullPointerException
Event: 0.020 loading class java/lang/NullPointerException done
Event: 0.020 loading class java/lang/ArithmeticException
Event: 0.020 loading class java/lang/ArithmeticException done


Dynamic libraries:
0x00007ff7805f0000 - 0x00007ff780621000 	C:\Program Files\JetBrains\WebStorm 2018.3.1\jre64\bin\java.exe
0x00007ff95d500000 - 0x00007ff95d6e1000 	C:\WINDOWS\SYSTEM32\ntdll.dll
0x00007ff95b350000 - 0x00007ff95b401000 	C:\WINDOWS\System32\KERNEL32.DLL
0x00007ff95a470000 - 0x00007ff95a6e3000 	C:\WINDOWS\System32\KERNELBASE.dll
0x00007ff95b2a0000 - 0x00007ff95b341000 	C:\WINDOWS\System32\ADVAPI32.dll
0x00007ff95a990000 - 0x00007ff95aa2e000 	C:\WINDOWS\System32\msvcrt.dll
0x00007ff95b110000 - 0x00007ff95b16b000 	C:\WINDOWS\System32\sechost.dll
0x00007ff95aa30000 - 0x00007ff95ab54000 	C:\WINDOWS\System32\RPCRT4.dll
0x00007ff95d1e0000 - 0x00007ff95d370000 	C:\WINDOWS\System32\USER32.dll
0x00007ff95a260000 - 0x00007ff95a280000 	C:\WINDOWS\System32\win32u.dll
0x00007ff95b1d0000 - 0x00007ff95b1f8000 	C:\WINDOWS\System32\GDI32.dll
0x00007ff95a750000 - 0x00007ff95a8e2000 	C:\WINDOWS\System32\gdi32full.dll
0x00007ff95a8f0000 - 0x00007ff95a98f000 	C:\WINDOWS\System32\msvcp_win.dll
0x00007ff959a50000 - 0x00007ff959b48000 	C:\WINDOWS\System32\ucrtbase.dll
0x00007ff9478b0000 - 0x00007ff947b19000 	C:\WINDOWS\WinSxS\amd64_microsoft.windows.common-controls_6595b64144ccf1df_6.0.17134.706_none_fb43a2cb30647007\COMCTL32.dll
0x00007ff95cca0000 - 0x00007ff95cfc2000 	C:\WINDOWS\System32\combase.dll
0x00007ff9598d0000 - 0x00007ff95994a000 	C:\WINDOWS\System32\bcryptPrimitives.dll
0x00007ff95b730000 - 0x00007ff95b75d000 	C:\WINDOWS\System32\IMM32.DLL
0x00000000680f0000 - 0x00000000681c2000 	C:\Program Files\JetBrains\WebStorm 2018.3.1\jre64\bin\msvcr100.dll
0x00000000681d0000 - 0x0000000068a11000 	C:\Program Files\JetBrains\WebStorm 2018.3.1\jre64\bin\server\jvm.dll
0x00007ff95b760000 - 0x00007ff95b768000 	C:\WINDOWS\System32\PSAPI.DLL
0x00007ff944480000 - 0x00007ff944489000 	C:\WINDOWS\SYSTEM32\WSOCK32.dll
0x00007ff951b70000 - 0x00007ff951b7a000 	C:\WINDOWS\SYSTEM32\VERSION.dll
0x00007ff95cc10000 - 0x00007ff95cc7c000 	C:\WINDOWS\System32\WS2_32.dll
0x00007ff9563c0000 - 0x00007ff9563e3000 	C:\WINDOWS\SYSTEM32\WINMM.dll
0x00007ff956390000 - 0x00007ff9563ba000 	C:\WINDOWS\SYSTEM32\winmmbase.dll
0x00007ff959a00000 - 0x00007ff959a49000 	C:\WINDOWS\System32\cfgmgr32.dll
0x00007ff9552b0000 - 0x00007ff9552bf000 	C:\Program Files\JetBrains\WebStorm 2018.3.1\jre64\bin\verify.dll
0x00007ff94f130000 - 0x00007ff94f159000 	C:\Program Files\JetBrains\WebStorm 2018.3.1\jre64\bin\java.dll
0x00007ff94f400000 - 0x00007ff94f416000 	C:\Program Files\JetBrains\WebStorm 2018.3.1\jre64\bin\zip.dll

VM Arguments:
java_command: org.jetbrains.git4idea.nativessh.GitNativeSshAskPassApp Enter passphrase for key '/c/Users/ediklutsyk/.ssh/id_rsa': 
java_class_path (initial): C:/Program Files/JetBrains/WebStorm 2018.3.1/plugins/git4idea/lib/git4idea-rt.jar;C:/Program Files/JetBrains/WebStorm 2018.3.1/lib/xmlrpc-2.0.1.jar;C:/Program Files/JetBrains/WebStorm 2018.3.1/lib/commons-codec-1.10.jar;C:/Program Files/JetBrains/WebStorm 2018.3.1/lib/util.jar
Launcher Type: SUN_STANDARD

Environment Variables:
JAVA_HOME=C:\Program Files\Java\jdk1.8.0_144
PATH=D:\Program files\Git\Git\mingw64\libexec\git-core;D:\Program files\Git\Git\mingw64\bin;D:\Program files\Git\Git\usr\bin;C:\Users\ediklutsyk\bin;C:\ProgramData\Oracle\Java\javapath;C:\Program Files\Java\jdk1.8.0_144\bin;C:\Windows\system32;C:\Windows;C:\Windows\System32\Wbem;C:\Windows\System32\WindowsPowerShell\v1.0;C:\Program Files (x86)\NVIDIA Corporation\PhysX\Common;C:\WINDOWS\system32;C:\WINDOWS;C:\WINDOWS\System32\Wbem;C:\WINDOWS\System32\WindowsPowerShell\v1.0;C:\Users\ediklutsyk\.dnx\bin;C:\Program Files\Microsoft DNX\Dnvm;C:\Program Files (x86)\Windows Kits\8.1\Windows Performance Toolkit;C:\Program Files\Microsoft SQL Server\130\Tools\Binn;D:\Program files\Git\Git\cmd;C:\Program Files\Java\jdk1.8.0_144;C:\Program Files\nodejs;C:\Users\ediklutsyk\AppData\Local\Microsoft\WindowsApps;C:\Users\ediklutsyk\AppData\Roaming\npm;C:\adb;C:\Program Files\maven\bin;C:\Program Files\maven\bin;C:\Program Files\Java\jdk1.8.0_144\bin;C:\Program Files\PuTTY;C:\WINDOWS\system32;C:\WINDOWS;C:\WINDOWS\System32\Wbem;C:\WINDOWS\System32\WindowsPowerShell\v1.0;C:\WINDOWS\System32\OpenSSH;C:\Program Files (x86)\ffmpeg\bin;C:\Program Files (x86)\sbt\bin;C:\Users\ediklutsyk\AppData\Local\Programs\Python\Python37-32\Scripts;C:\Users\ediklutsyk\AppData\Local\Programs\Python\Python37-32;C:\Users\ediklutsyk\scoop\shims;C:\Users\ediklutsyk\AppData\Local\Microsoft\WindowsApps;C:\Users\ediklutsyk\AppData\Roaming\npm;C:\Users\ediklutsyk\AppData\Local\Microsoft\WindowsApps;C:\Users\ediklutsyk\AppData\Local\GitHubDesktop\bin;C:\Program Files\JetBrains\PyCharm 2019.1\bin
USERNAME=ediklutsyk
DISPLAY=:0.0
OS=Windows_NT
PROCESSOR_IDENTIFIER=Intel64 Family 6 Model 142 Stepping 9, GenuineIntel



---------------  S Y S T E M  ---------------

OS: Windows 10.0 , 64 bit Build 17134 (10.0.17134.706)

CPU:total 4 (initial active 4) (2 cores per cpu, 2 threads per core) family 6 model 142 stepping 9, cmov, cx8, fxsr, mmx, sse, sse2, sse3, ssse3, sse4.1, sse4.2, popcnt, avx, avx2, aes, clmul, erms, 3dnowpref, lzcnt, ht, tsc, tscinvbit, bmi1, bmi2, adx

Memory: 4k page, physical 8253668k(1327008k free), swap 12447972k(5968k free)

vm_info: OpenJDK 64-Bit Server VM (25.152-b16) for windows-amd64 JRE (1.8.0_152-release-1343-b16), built on Nov  6 2018 16:18:26 by "builduser" with MS VC++ 10.0 (VS2010)

time: Mon May 13 04:20:44 2019
elapsed time: 0 seconds (0d 0h 0m 0s)

